<?xml version="1.0" encoding="UTF-8"?>
<Site BuildName="Linux-g++"
	BuildStamp="20240410-1511-Experimental"
	Name="lp1"
	Generator="ctest-3.16.3"
	CompilerName="/usr/bin/g++"
	CompilerVersion="9.4.0"
	OSName="Linux"
	Hostname="lp1"
	OSRelease="5.15.0-101-generic"
	OSVersion="#111~20.04.1-Ubuntu SMP Mon Mar 11 15:44:43 UTC 2024"
	OSPlatform="x86_64"
	Is64Bits="1"
	VendorString="GenuineIntel"
	VendorID="Intel Corporation"
	FamilyID="6"
	ModelID="154"
	ProcessorCacheSize="24576"
	NumberOfLogicalCPU="20"
	NumberOfPhysicalCPU="14"
	TotalVirtualMemory="15624"
	TotalPhysicalMemory="15608"
	LogicalProcessorsPerPhysical="1"
	ProcessorClockFrequency="2950.63"
	>
	<Testing>
		<StartDateTime>Apr 10 23:11 CST</StartDateTime>
		<StartTestTime>1712761888</StartTestTime>
		<TestList/>
		<EndDateTime>Apr 10 23:11 CST</EndDateTime>
		<EndTestTime>1712761888</EndTestTime>
		<ElapsedMinutes>0</ElapsedMinutes>
	</Testing>
</Site>
